<?xml version="1.0" encoding="UTF-8"?>
<coverage generated="1543798588636" clover="3.2.0">
  <project timestamp="1543798588636" name="All files">
    <metrics statements="143" coveredstatements="82" conditionals="50" coveredconditionals="18" methods="65" coveredmethods="25" elements="258" coveredelements="125" complexity="0" loc="143" ncloc="143" packages="14" files="15" classes="15">
      <package name="hangman">
        <metrics statements="1" coveredstatements="1" conditionals="0" coveredconditionals="0" methods="0" coveredmethods="0"/>
        <file name="setupTests.js" path="/Users/arthurhovanesian/Desktop/hangman/setupTests.js">
          <metrics statements="1" coveredstatements="1" conditionals="0" coveredconditionals="0" methods="0" coveredmethods="0"/>
          <line num="4" count="1" type="stmt"/>
        </file>
      </package>
      <package name="hangman.src.App">
        <metrics statements="51" coveredstatements="27" conditionals="16" coveredconditionals="6" methods="23" coveredmethods="8"/>
        <file name="App.jsx" path="/Users/arthurhovanesian/Desktop/hangman/src/App/App.jsx">
          <metrics statements="50" coveredstatements="26" conditionals="16" coveredconditionals="6" methods="23" coveredmethods="8"/>
          <line num="14" count="2" type="stmt"/>
          <line num="15" count="2" type="stmt"/>
          <line num="16" count="2" type="stmt"/>
          <line num="31" count="2" type="stmt"/>
          <line num="32" count="2" type="stmt"/>
          <line num="36" count="2" type="stmt"/>
          <line num="40" count="4" type="stmt"/>
          <line num="41" count="4" type="cond" truecount="2" falsecount="2"/>
          <line num="42" count="0" type="stmt"/>
          <line num="44" count="4" type="cond" truecount="1" falsecount="1"/>
          <line num="45" count="0" type="cond" truecount="0" falsecount="2"/>
          <line num="46" count="0" type="stmt"/>
          <line num="47" count="0" type="stmt"/>
          <line num="49" count="0" type="stmt"/>
          <line num="55" count="0" type="stmt"/>
          <line num="56" count="0" type="stmt"/>
          <line num="60" count="0" type="stmt"/>
          <line num="61" count="0" type="stmt"/>
          <line num="68" count="0" type="stmt"/>
          <line num="75" count="0" type="stmt"/>
          <line num="79" count="0" type="stmt"/>
          <line num="83" count="4" type="stmt"/>
          <line num="84" count="4" type="stmt"/>
          <line num="85" count="4" type="stmt"/>
          <line num="86" count="4" type="stmt"/>
          <line num="93" count="2" type="stmt"/>
          <line num="94" count="2" type="stmt"/>
          <line num="96" count="0" type="stmt"/>
          <line num="97" count="0" type="stmt"/>
          <line num="98" count="0" type="stmt"/>
          <line num="104" count="0" type="stmt"/>
          <line num="106" count="0" type="stmt"/>
          <line num="107" count="0" type="stmt"/>
          <line num="108" count="0" type="stmt"/>
          <line num="109" count="0" type="stmt"/>
          <line num="110" count="0" type="stmt"/>
          <line num="112" count="0" type="stmt"/>
          <line num="118" count="1" type="stmt"/>
          <line num="119" count="1" type="stmt"/>
          <line num="120" count="3" type="stmt"/>
          <line num="121" count="1" type="cond" truecount="1" falsecount="1"/>
          <line num="122" count="1" type="cond" truecount="0" falsecount="2"/>
          <line num="123" count="1" type="stmt"/>
          <line num="131" count="6" type="stmt"/>
          <line num="132" count="6" type="stmt"/>
          <line num="133" count="6" type="cond" truecount="1" falsecount="1"/>
          <line num="134" count="0" type="stmt"/>
          <line num="139" count="6" type="cond" truecount="1" falsecount="1"/>
          <line num="140" count="6" type="stmt"/>
          <line num="146" count="0" type="stmt"/>
        </file>
        <file name="utilities.js" path="/Users/arthurhovanesian/Desktop/hangman/src/App/utilities.js">
          <metrics statements="1" coveredstatements="1" conditionals="0" coveredconditionals="0" methods="0" coveredmethods="0"/>
          <line num="1" count="1" type="stmt"/>
        </file>
      </package>
      <package name="hangman.src.Button">
        <metrics statements="15" coveredstatements="12" conditionals="4" coveredconditionals="2" methods="6" coveredmethods="3"/>
        <file name="Button.jsx" path="/Users/arthurhovanesian/Desktop/hangman/src/Button/Button.jsx">
          <metrics statements="15" coveredstatements="12" conditionals="4" coveredconditionals="2" methods="6" coveredmethods="3"/>
          <line num="6" count="1" type="stmt"/>
          <line num="7" count="1" type="stmt"/>
          <line num="8" count="1" type="stmt"/>
          <line num="9" count="1" type="stmt"/>
          <line num="10" count="1" type="stmt"/>
          <line num="11" count="1" type="stmt"/>
          <line num="12" count="1" type="stmt"/>
          <line num="18" count="0" type="stmt"/>
          <line num="19" count="0" type="stmt"/>
          <line num="23" count="1" type="stmt"/>
          <line num="24" count="1" type="stmt"/>
          <line num="25" count="1" type="cond" truecount="1" falsecount="1"/>
          <line num="26" count="1" type="stmt"/>
          <line num="29" count="0" type="stmt"/>
          <line num="31" count="1" type="stmt"/>
        </file>
      </package>
      <package name="hangman.src.CurrentScore">
        <metrics statements="2" coveredstatements="1" conditionals="0" coveredconditionals="0" methods="1" coveredmethods="0"/>
        <file name="CurrentScore.jsx" path="/Users/arthurhovanesian/Desktop/hangman/src/CurrentScore/CurrentScore.jsx">
          <metrics statements="2" coveredstatements="1" conditionals="0" coveredconditionals="0" methods="1" coveredmethods="0"/>
          <line num="4" count="1" type="stmt"/>
          <line num="5" count="0" type="stmt"/>
        </file>
      </package>
      <package name="hangman.src.HighScore">
        <metrics statements="2" coveredstatements="1" conditionals="0" coveredconditionals="0" methods="1" coveredmethods="0"/>
        <file name="HighScore.jsx" path="/Users/arthurhovanesian/Desktop/hangman/src/HighScore/HighScore.jsx">
          <metrics statements="2" coveredstatements="1" conditionals="0" coveredconditionals="0" methods="1" coveredmethods="0"/>
          <line num="4" count="1" type="stmt"/>
          <line num="5" count="0" type="stmt"/>
        </file>
      </package>
      <package name="hangman.src.Home">
        <metrics statements="12" coveredstatements="6" conditionals="8" coveredconditionals="1" methods="5" coveredmethods="2"/>
        <file name="Home.jsx" path="/Users/arthurhovanesian/Desktop/hangman/src/Home/Home.jsx">
          <metrics statements="12" coveredstatements="6" conditionals="8" coveredconditionals="1" methods="5" coveredmethods="2"/>
          <line num="9" count="1" type="stmt"/>
          <line num="10" count="1" type="stmt"/>
          <line num="11" count="1" type="stmt"/>
          <line num="12" count="1" type="stmt"/>
          <line num="19" count="0" type="stmt"/>
          <line num="20" count="0" type="cond" truecount="0" falsecount="6"/>
          <line num="21" count="0" type="stmt"/>
          <line num="23" count="0" type="stmt"/>
          <line num="28" count="0" type="stmt"/>
          <line num="32" count="1" type="stmt"/>
          <line num="33" count="1" type="stmt"/>
          <line num="39" count="0" type="stmt"/>
        </file>
      </package>
      <package name="hangman.src.Key">
        <metrics statements="24" coveredstatements="20" conditionals="8" coveredconditionals="6" methods="7" coveredmethods="5"/>
        <file name="Key.jsx" path="/Users/arthurhovanesian/Desktop/hangman/src/Key/Key.jsx">
          <metrics statements="24" coveredstatements="20" conditionals="8" coveredconditionals="6" methods="7" coveredmethods="5"/>
          <line num="7" count="26" type="stmt"/>
          <line num="8" count="26" type="stmt"/>
          <line num="9" count="26" type="stmt"/>
          <line num="10" count="26" type="stmt"/>
          <line num="11" count="26" type="stmt"/>
          <line num="12" count="26" type="stmt"/>
          <line num="13" count="26" type="stmt"/>
          <line num="20" count="0" type="stmt"/>
          <line num="21" count="0" type="stmt"/>
          <line num="25" count="1" type="stmt"/>
          <line num="26" count="1" type="stmt"/>
          <line num="29" count="1" type="stmt"/>
          <line num="33" count="1" type="stmt"/>
          <line num="34" count="1" type="cond" truecount="1" falsecount="1"/>
          <line num="38" count="27" type="stmt"/>
          <line num="39" count="27" type="stmt"/>
          <line num="40" count="27" type="cond" truecount="2" falsecount="0"/>
          <line num="41" count="27" type="cond" truecount="2" falsecount="0"/>
          <line num="42" count="1" type="stmt"/>
          <line num="47" count="26" type="cond" truecount="1" falsecount="1"/>
          <line num="48" count="0" type="stmt"/>
          <line num="49" count="0" type="stmt"/>
          <line num="54" count="26" type="stmt"/>
          <line num="55" count="1" type="stmt"/>
        </file>
      </package>
      <package name="hangman.src.Keyboard">
        <metrics statements="6" coveredstatements="6" conditionals="2" coveredconditionals="2" methods="4" coveredmethods="4"/>
        <file name="Keyboard.jsx" path="/Users/arthurhovanesian/Desktop/hangman/src/Keyboard/Keyboard.jsx">
          <metrics statements="6" coveredstatements="6" conditionals="2" coveredconditionals="2" methods="4" coveredmethods="4"/>
          <line num="5" count="1" type="stmt"/>
          <line num="6" count="1" type="stmt"/>
          <line num="7" count="3" type="stmt"/>
          <line num="8" count="78" type="cond" truecount="2" falsecount="0"/>
          <line num="9" count="26" type="stmt"/>
          <line num="12" count="1" type="stmt"/>
        </file>
      </package>
      <package name="hangman.src.LeaderBoard">
        <metrics statements="3" coveredstatements="1" conditionals="0" coveredconditionals="0" methods="2" coveredmethods="0"/>
        <file name="LeaderBoard.jsx" path="/Users/arthurhovanesian/Desktop/hangman/src/LeaderBoard/LeaderBoard.jsx">
          <metrics statements="3" coveredstatements="1" conditionals="0" coveredconditionals="0" methods="2" coveredmethods="0"/>
          <line num="7" count="1" type="stmt"/>
          <line num="8" count="0" type="stmt"/>
          <line num="14" count="0" type="stmt"/>
        </file>
      </package>
      <package name="hangman.src.Letter">
        <metrics statements="2" coveredstatements="2" conditionals="2" coveredconditionals="1" methods="1" coveredmethods="1"/>
        <file name="Letter.jsx" path="/Users/arthurhovanesian/Desktop/hangman/src/Letter/Letter.jsx">
          <metrics statements="2" coveredstatements="2" conditionals="2" coveredconditionals="1" methods="1" coveredmethods="1"/>
          <line num="4" count="1" type="stmt"/>
          <line num="5" count="3" type="stmt"/>
        </file>
      </package>
      <package name="hangman.src.Lives">
        <metrics statements="6" coveredstatements="1" conditionals="0" coveredconditionals="0" methods="2" coveredmethods="0"/>
        <file name="Lives.jsx" path="/Users/arthurhovanesian/Desktop/hangman/src/Lives/Lives.jsx">
          <metrics statements="6" coveredstatements="1" conditionals="0" coveredconditionals="0" methods="2" coveredmethods="0"/>
          <line num="4" count="1" type="stmt"/>
          <line num="5" count="0" type="stmt"/>
          <line num="14" count="0" type="stmt"/>
          <line num="23" count="0" type="stmt"/>
          <line num="24" count="0" type="stmt"/>
          <line num="31" count="0" type="stmt"/>
        </file>
      </package>
      <package name="hangman.src.Loading">
        <metrics statements="3" coveredstatements="1" conditionals="0" coveredconditionals="0" methods="1" coveredmethods="0"/>
        <file name="Loading.jsx" path="/Users/arthurhovanesian/Desktop/hangman/src/Loading/Loading.jsx">
          <metrics statements="3" coveredstatements="1" conditionals="0" coveredconditionals="0" methods="1" coveredmethods="0"/>
          <line num="4" count="1" type="stmt"/>
          <line num="5" count="0" type="stmt"/>
          <line num="6" count="0" type="stmt"/>
        </file>
      </package>
      <package name="hangman.src.Title">
        <metrics statements="13" coveredstatements="0" conditionals="10" coveredconditionals="0" methods="10" coveredmethods="0"/>
        <file name="Title.jsx" path="/Users/arthurhovanesian/Desktop/hangman/src/Title/Title.jsx">
          <metrics statements="13" coveredstatements="0" conditionals="10" coveredconditionals="0" methods="10" coveredmethods="0"/>
          <line num="7" count="0" type="stmt"/>
          <line num="8" count="0" type="stmt"/>
          <line num="15" count="0" type="stmt"/>
          <line num="19" count="0" type="stmt"/>
          <line num="23" count="0" type="stmt"/>
          <line num="24" count="0" type="stmt"/>
          <line num="28" count="0" type="stmt"/>
          <line num="29" count="0" type="stmt"/>
          <line num="33" count="0" type="stmt"/>
          <line num="34" count="0" type="cond" truecount="0" falsecount="2"/>
          <line num="35" count="0" type="cond" truecount="0" falsecount="4"/>
          <line num="36" count="0" type="cond" truecount="0" falsecount="4"/>
          <line num="37" count="0" type="stmt"/>
        </file>
      </package>
      <package name="hangman.src.Word">
        <metrics statements="3" coveredstatements="3" conditionals="0" coveredconditionals="0" methods="2" coveredmethods="2"/>
        <file name="Word.jsx" path="/Users/arthurhovanesian/Desktop/hangman/src/Word/Word.jsx">
          <metrics statements="3" coveredstatements="3" conditionals="0" coveredconditionals="0" methods="2" coveredmethods="2"/>
          <line num="5" count="1" type="stmt"/>
          <line num="7" count="1" type="stmt"/>
          <line num="9" count="3" type="stmt"/>
        </file>
      </package>
    </metrics>
  </project>
</coverage>
