{"/Users/arthurhovanesian/Desktop/hangman/setupTests.js": {"path":"/Users/arthurhovanesian/Desktop/hangman/setupTests.js","statementMap":{"0":{"start":{"line":4,"column":0},"end":{"line":4,"column":45}}},"fnMap":{},"branchMap":{},"s":{"0":1},"f":{},"b":{},"_coverageSchema":"332fd63041d2c1bcb487cc26dd0d5f7d97098a6c","hash":"7deb58f38f196c79eb337fb7daf4a1ffe69e14e7"}
,"/Users/arthurhovanesian/Desktop/hangman/src/App/App.jsx": {"path":"/Users/arthurhovanesian/Desktop/hangman/src/App/App.jsx","statementMap":{"0":{"start":{"line":14,"column":4},"end":{"line":14,"column":12}},"1":{"start":{"line":15,"column":4},"end":{"line":15,"column":57}},"2":{"start":{"line":16,"column":4},"end":{"line":27,"column":6}},"3":{"start":{"line":31,"column":30},"end":{"line":31,"column":57}},"4":{"start":{"line":32,"column":4},"end":{"line":35,"column":6}},"5":{"start":{"line":36,"column":4},"end":{"line":36,"column":19}},"6":{"start":{"line":40,"column":77},"end":{"line":40,"column":87}},"7":{"start":{"line":41,"column":4},"end":{"line":43,"column":5}},"8":{"start":{"line":42,"column":6},"end":{"line":42,"column":78}},"9":{"start":{"line":42,"column":24},"end":{"line":42,"column":69}},"10":{"start":{"line":44,"column":4},"end":{"line":51,"column":5}},"11":{"start":{"line":45,"column":6},"end":{"line":50,"column":7}},"12":{"start":{"line":46,"column":8},"end":{"line":46,"column":50}},"13":{"start":{"line":46,"column":26},"end":{"line":46,"column":41}},"14":{"start":{"line":47,"column":8},"end":{"line":47,"column":49}},"15":{"start":{"line":47,"column":26},"end":{"line":47,"column":40}},"16":{"start":{"line":49,"column":8},"end":{"line":49,"column":54}},"17":{"start":{"line":49,"column":26},"end":{"line":49,"column":46}},"18":{"start":{"line":55,"column":29},"end":{"line":55,"column":39}},"19":{"start":{"line":56,"column":4},"end":{"line":56,"column":52}},"20":{"start":{"line":60,"column":35},"end":{"line":60,"column":45}},"21":{"start":{"line":61,"column":4},"end":{"line":64,"column":7}},"22":{"start":{"line":68,"column":4},"end":{"line":79,"column":36}},"23":{"start":{"line":75,"column":17},"end":{"line":78,"column":6}},"24":{"start":{"line":79,"column":18},"end":{"line":79,"column":34}},"25":{"start":{"line":83,"column":17},"end":{"line":83,"column":52}},"26":{"start":{"line":84,"column":17},"end":{"line":84,"column":24}},"27":{"start":{"line":85,"column":23},"end":{"line":85,"column":30}},"28":{"start":{"line":86,"column":4},"end":{"line":86,"column":30}},"29":{"start":{"line":93,"column":23},"end":{"line":93,"column":53}},"30":{"start":{"line":94,"column":4},"end":{"line":113,"column":8}},"31":{"start":{"line":96,"column":19},"end":{"line":96,"column":51}},"32":{"start":{"line":97,"column":21},"end":{"line":97,"column":72}},"33":{"start":{"line":97,"column":41},"end":{"line":97,"column":70}},"34":{"start":{"line":98,"column":8},"end":{"line":102,"column":11}},"35":{"start":{"line":104,"column":20},"end":{"line":104,"column":36}},"36":{"start":{"line":106,"column":25},"end":{"line":106,"column":35}},"37":{"start":{"line":107,"column":19},"end":{"line":107,"column":49}},"38":{"start":{"line":108,"column":8},"end":{"line":111,"column":10}},"39":{"start":{"line":109,"column":10},"end":{"line":109,"column":26}},"40":{"start":{"line":110,"column":10},"end":{"line":110,"column":30}},"41":{"start":{"line":112,"column":8},"end":{"line":112,"column":35}},"42":{"start":{"line":118,"column":56},"end":{"line":118,"column":66}},"43":{"start":{"line":119,"column":22},"end":{"line":119,"column":34}},"44":{"start":{"line":120,"column":23},"end":{"line":120,"column":62}},"45":{"start":{"line":120,"column":45},"end":{"line":120,"column":61}},"46":{"start":{"line":121,"column":4},"end":{"line":121,"column":56}},"47":{"start":{"line":122,"column":16},"end":{"line":122,"column":106}},"48":{"start":{"line":122,"column":36},"end":{"line":122,"column":105}},"49":{"start":{"line":123,"column":4},"end":{"line":127,"column":7}},"50":{"start":{"line":131,"column":110},"end":{"line":131,"column":120}},"51":{"start":{"line":132,"column":4},"end":{"line":132,"column":96}},"52":{"start":{"line":133,"column":4},"end":{"line":154,"column":5}},"53":{"start":{"line":134,"column":6},"end":{"line":138,"column":7}},"54":{"start":{"line":139,"column":11},"end":{"line":154,"column":5}},"55":{"start":{"line":140,"column":6},"end":{"line":144,"column":7}},"56":{"start":{"line":146,"column":6},"end":{"line":153,"column":7}}},"fnMap":{"0":{"name":"(anonymous_0)","decl":{"start":{"line":13,"column":2},"end":{"line":13,"column":3}},"loc":{"start":{"line":13,"column":16},"end":{"line":28,"column":3}},"line":13},"1":{"name":"(anonymous_1)","decl":{"start":{"line":30,"column":2},"end":{"line":30,"column":3}},"loc":{"start":{"line":30,"column":22},"end":{"line":37,"column":3}},"line":30},"2":{"name":"(anonymous_2)","decl":{"start":{"line":39,"column":2},"end":{"line":39,"column":3}},"loc":{"start":{"line":39,"column":43},"end":{"line":52,"column":3}},"line":39},"3":{"name":"(anonymous_3)","decl":{"start":{"line":42,"column":17},"end":{"line":42,"column":18}},"loc":{"start":{"line":42,"column":23},"end":{"line":42,"column":70}},"line":42},"4":{"name":"(anonymous_4)","decl":{"start":{"line":46,"column":19},"end":{"line":46,"column":20}},"loc":{"start":{"line":46,"column":25},"end":{"line":46,"column":42}},"line":46},"5":{"name":"(anonymous_5)","decl":{"start":{"line":47,"column":19},"end":{"line":47,"column":20}},"loc":{"start":{"line":47,"column":25},"end":{"line":47,"column":41}},"line":47},"6":{"name":"(anonymous_6)","decl":{"start":{"line":49,"column":19},"end":{"line":49,"column":20}},"loc":{"start":{"line":49,"column":25},"end":{"line":49,"column":47}},"line":49},"7":{"name":"(anonymous_7)","decl":{"start":{"line":54,"column":2},"end":{"line":54,"column":3}},"loc":{"start":{"line":54,"column":18},"end":{"line":57,"column":3}},"line":54},"8":{"name":"(anonymous_8)","decl":{"start":{"line":59,"column":2},"end":{"line":59,"column":3}},"loc":{"start":{"line":59,"column":13},"end":{"line":65,"column":3}},"line":59},"9":{"name":"(anonymous_9)","decl":{"start":{"line":67,"column":2},"end":{"line":67,"column":3}},"loc":{"start":{"line":67,"column":42},"end":{"line":80,"column":3}},"line":67},"10":{"name":"(anonymous_10)","decl":{"start":{"line":75,"column":10},"end":{"line":75,"column":11}},"loc":{"start":{"line":75,"column":17},"end":{"line":78,"column":6}},"line":75},"11":{"name":"(anonymous_11)","decl":{"start":{"line":79,"column":11},"end":{"line":79,"column":12}},"loc":{"start":{"line":79,"column":18},"end":{"line":79,"column":34}},"line":79},"12":{"name":"(anonymous_12)","decl":{"start":{"line":82,"column":2},"end":{"line":82,"column":3}},"loc":{"start":{"line":82,"column":25},"end":{"line":87,"column":3}},"line":82},"13":{"name":"(anonymous_13)","decl":{"start":{"line":89,"column":2},"end":{"line":89,"column":3}},"loc":{"start":{"line":89,"column":12},"end":{"line":114,"column":3}},"line":89},"14":{"name":"(anonymous_14)","decl":{"start":{"line":95,"column":12},"end":{"line":95,"column":13}},"loc":{"start":{"line":95,"column":19},"end":{"line":103,"column":7}},"line":95},"15":{"name":"(anonymous_15)","decl":{"start":{"line":97,"column":30},"end":{"line":97,"column":31}},"loc":{"start":{"line":97,"column":41},"end":{"line":97,"column":70}},"line":97},"16":{"name":"(anonymous_16)","decl":{"start":{"line":104,"column":13},"end":{"line":104,"column":14}},"loc":{"start":{"line":104,"column":20},"end":{"line":104,"column":36}},"line":104},"17":{"name":"(anonymous_17)","decl":{"start":{"line":105,"column":12},"end":{"line":105,"column":13}},"loc":{"start":{"line":105,"column":18},"end":{"line":113,"column":7}},"line":105},"18":{"name":"(anonymous_18)","decl":{"start":{"line":108,"column":21},"end":{"line":108,"column":22}},"loc":{"start":{"line":108,"column":31},"end":{"line":111,"column":9}},"line":108},"19":{"name":"(anonymous_19)","decl":{"start":{"line":116,"column":2},"end":{"line":116,"column":3}},"loc":{"start":{"line":116,"column":24},"end":{"line":128,"column":3}},"line":116},"20":{"name":"(anonymous_20)","decl":{"start":{"line":120,"column":35},"end":{"line":120,"column":36}},"loc":{"start":{"line":120,"column":45},"end":{"line":120,"column":61}},"line":120},"21":{"name":"(anonymous_21)","decl":{"start":{"line":122,"column":27},"end":{"line":122,"column":28}},"loc":{"start":{"line":122,"column":36},"end":{"line":122,"column":105}},"line":122},"22":{"name":"(anonymous_22)","decl":{"start":{"line":130,"column":2},"end":{"line":130,"column":3}},"loc":{"start":{"line":130,"column":11},"end":{"line":155,"column":3}},"line":130}},"branchMap":{"0":{"loc":{"start":{"line":41,"column":4},"end":{"line":43,"column":5}},"type":"if","locations":[{"start":{"line":41,"column":4},"end":{"line":43,"column":5}},{"start":{"line":41,"column":4},"end":{"line":43,"column":5}}],"line":41},"1":{"loc":{"start":{"line":41,"column":8},"end":{"line":41,"column":61}},"type":"binary-expr","locations":[{"start":{"line":41,"column":8},"end":{"line":41,"column":26}},{"start":{"line":41,"column":30},"end":{"line":41,"column":61}}],"line":41},"2":{"loc":{"start":{"line":44,"column":4},"end":{"line":51,"column":5}},"type":"if","locations":[{"start":{"line":44,"column":4},"end":{"line":51,"column":5}},{"start":{"line":44,"column":4},"end":{"line":51,"column":5}}],"line":44},"3":{"loc":{"start":{"line":45,"column":6},"end":{"line":50,"column":7}},"type":"if","locations":[{"start":{"line":45,"column":6},"end":{"line":50,"column":7}},{"start":{"line":45,"column":6},"end":{"line":50,"column":7}}],"line":45},"4":{"loc":{"start":{"line":121,"column":4},"end":{"line":121,"column":55}},"type":"cond-expr","locations":[{"start":{"line":121,"column":32},"end":{"line":121,"column":48}},{"start":{"line":121,"column":51},"end":{"line":121,"column":55}}],"line":121},"5":{"loc":{"start":{"line":122,"column":36},"end":{"line":122,"column":105}},"type":"cond-expr","locations":[{"start":{"line":122,"column":62},"end":{"line":122,"column":96}},{"start":{"line":122,"column":100},"end":{"line":122,"column":105}}],"line":122},"6":{"loc":{"start":{"line":133,"column":4},"end":{"line":154,"column":5}},"type":"if","locations":[{"start":{"line":133,"column":4},"end":{"line":154,"column":5}},{"start":{"line":133,"column":4},"end":{"line":154,"column":5}}],"line":133},"7":{"loc":{"start":{"line":139,"column":11},"end":{"line":154,"column":5}},"type":"if","locations":[{"start":{"line":139,"column":11},"end":{"line":154,"column":5}},{"start":{"line":139,"column":11},"end":{"line":154,"column":5}}],"line":139}},"s":{"0":2,"1":2,"2":2,"3":2,"4":2,"5":2,"6":4,"7":4,"8":0,"9":0,"10":4,"11":0,"12":0,"13":0,"14":0,"15":0,"16":0,"17":0,"18":0,"19":0,"20":0,"21":0,"22":0,"23":0,"24":0,"25":4,"26":4,"27":4,"28":4,"29":2,"30":2,"31":0,"32":0,"33":0,"34":0,"35":0,"36":0,"37":0,"38":0,"39":0,"40":0,"41":0,"42":1,"43":1,"44":1,"45":3,"46":1,"47":1,"48":0,"49":1,"50":6,"51":6,"52":6,"53":0,"54":6,"55":6,"56":0},"f":{"0":2,"1":2,"2":4,"3":0,"4":0,"5":0,"6":0,"7":0,"8":0,"9":0,"10":0,"11":0,"12":4,"13":2,"14":0,"15":0,"16":0,"17":0,"18":0,"19":1,"20":3,"21":0,"22":6},"b":{"0":[0,4],"1":[4,0],"2":[0,4],"3":[0,0],"4":[1,0],"5":[0,0],"6":[0,6],"7":[6,0]},"_coverageSchema":"332fd63041d2c1bcb487cc26dd0d5f7d97098a6c","hash":"3a3e4af92802b0990127626f10b3a32d1d94ee5b"}
,"/Users/arthurhovanesian/Desktop/hangman/src/App/utilities.js": {"path":"/Users/arthurhovanesian/Desktop/hangman/src/App/utilities.js","statementMap":{"0":{"start":{"line":1,"column":20},"end":{"line":28,"column":1}}},"fnMap":{},"branchMap":{},"s":{"0":1},"f":{},"b":{},"_coverageSchema":"332fd63041d2c1bcb487cc26dd0d5f7d97098a6c","hash":"9dc11da870d3ef2f7f03445b2e547c2832bd7cee"}
,"/Users/arthurhovanesian/Desktop/hangman/src/Button/Button.jsx": {"path":"/Users/arthurhovanesian/Desktop/hangman/src/Button/Button.jsx","statementMap":{"0":{"start":{"line":6,"column":4},"end":{"line":6,"column":12}},"1":{"start":{"line":7,"column":4},"end":{"line":7,"column":51}},"2":{"start":{"line":8,"column":4},"end":{"line":8,"column":56}},"3":{"start":{"line":9,"column":4},"end":{"line":9,"column":67}},"4":{"start":{"line":10,"column":4},"end":{"line":10,"column":69}},"5":{"start":{"line":11,"column":4},"end":{"line":11,"column":46}},"6":{"start":{"line":12,"column":4},"end":{"line":14,"column":5}},"7":{"start":{"line":18,"column":26},"end":{"line":18,"column":36}},"8":{"start":{"line":19,"column":4},"end":{"line":19,"column":42}},"9":{"start":{"line":23,"column":36},"end":{"line":23,"column":46}},"10":{"start":{"line":24,"column":26},"end":{"line":24,"column":36}},"11":{"start":{"line":25,"column":18},"end":{"line":25,"column":46}},"12":{"start":{"line":25,"column":41},"end":{"line":25,"column":45}},"13":{"start":{"line":26,"column":4},"end":{"line":34,"column":5}},"14":{"start":{"line":29,"column":390},"end":{"line":29,"column":397}},"15":{"start":{"line":31,"column":192},"end":{"line":31,"column":199}}},"fnMap":{"0":{"name":"(anonymous_0)","decl":{"start":{"line":5,"column":2},"end":{"line":5,"column":3}},"loc":{"start":{"line":5,"column":16},"end":{"line":15,"column":3}},"line":5},"1":{"name":"(anonymous_1)","decl":{"start":{"line":17,"column":2},"end":{"line":17,"column":3}},"loc":{"start":{"line":17,"column":16},"end":{"line":20,"column":3}},"line":17},"2":{"name":"(anonymous_2)","decl":{"start":{"line":22,"column":2},"end":{"line":22,"column":3}},"loc":{"start":{"line":22,"column":11},"end":{"line":35,"column":3}},"line":22},"3":{"name":"(anonymous_3)","decl":{"start":{"line":25,"column":35},"end":{"line":25,"column":36}},"loc":{"start":{"line":25,"column":41},"end":{"line":25,"column":45}},"line":25},"4":{"name":"(anonymous_4)","decl":{"start":{"line":29,"column":384},"end":{"line":29,"column":385}},"loc":{"start":{"line":29,"column":390},"end":{"line":29,"column":397}},"line":29},"5":{"name":"(anonymous_5)","decl":{"start":{"line":31,"column":186},"end":{"line":31,"column":187}},"loc":{"start":{"line":31,"column":192},"end":{"line":31,"column":199}},"line":31}},"branchMap":{"0":{"loc":{"start":{"line":25,"column":18},"end":{"line":25,"column":46}},"type":"binary-expr","locations":[{"start":{"line":25,"column":18},"end":{"line":25,"column":30}},{"start":{"line":25,"column":35},"end":{"line":25,"column":45}}],"line":25},"1":{"loc":{"start":{"line":28,"column":9},"end":{"line":32,"column":9}},"type":"cond-expr","locations":[{"start":{"line":29,"column":10},"end":{"line":29,"column":426}},{"start":{"line":31,"column":10},"end":{"line":31,"column":228}}],"line":28}},"s":{"0":1,"1":1,"2":1,"3":1,"4":1,"5":1,"6":1,"7":0,"8":0,"9":1,"10":1,"11":1,"12":0,"13":1,"14":0,"15":1},"f":{"0":1,"1":0,"2":1,"3":0,"4":0,"5":1},"b":{"0":[1,0],"1":[0,1]},"_coverageSchema":"332fd63041d2c1bcb487cc26dd0d5f7d97098a6c","hash":"e6eb4370081e8009504c2b203af1f303d2e59685"}
,"/Users/arthurhovanesian/Desktop/hangman/src/CurrentScore/CurrentScore.jsx": {"path":"/Users/arthurhovanesian/Desktop/hangman/src/CurrentScore/CurrentScore.jsx","statementMap":{"0":{"start":{"line":4,"column":21},"end":{"line":18,"column":1}},"1":{"start":{"line":5,"column":2},"end":{"line":17,"column":3}}},"fnMap":{"0":{"name":"(anonymous_0)","decl":{"start":{"line":4,"column":21},"end":{"line":4,"column":22}},"loc":{"start":{"line":4,"column":54},"end":{"line":18,"column":1}},"line":4}},"branchMap":{},"s":{"0":1,"1":0},"f":{"0":0},"b":{},"_coverageSchema":"332fd63041d2c1bcb487cc26dd0d5f7d97098a6c","hash":"85c685eb5af936a0d223557d0dd0b07b7d7c97ee"}
,"/Users/arthurhovanesian/Desktop/hangman/src/HighScore/HighScore.jsx": {"path":"/Users/arthurhovanesian/Desktop/hangman/src/HighScore/HighScore.jsx","statementMap":{"0":{"start":{"line":4,"column":18},"end":{"line":15,"column":1}},"1":{"start":{"line":5,"column":2},"end":{"line":14,"column":3}}},"fnMap":{"0":{"name":"(anonymous_0)","decl":{"start":{"line":4,"column":18},"end":{"line":4,"column":19}},"loc":{"start":{"line":4,"column":39},"end":{"line":15,"column":1}},"line":4}},"branchMap":{},"s":{"0":1,"1":0},"f":{"0":0},"b":{},"_coverageSchema":"332fd63041d2c1bcb487cc26dd0d5f7d97098a6c","hash":"9de61fda117f1a6544d36563d28b38c973ac6cc7"}
,"/Users/arthurhovanesian/Desktop/hangman/src/Home/Home.jsx": {"path":"/Users/arthurhovanesian/Desktop/hangman/src/Home/Home.jsx","statementMap":{"0":{"start":{"line":9,"column":4},"end":{"line":9,"column":12}},"1":{"start":{"line":10,"column":4},"end":{"line":10,"column":53}},"2":{"start":{"line":11,"column":4},"end":{"line":11,"column":53}},"3":{"start":{"line":12,"column":4},"end":{"line":15,"column":5}},"4":{"start":{"line":19,"column":22},"end":{"line":19,"column":40}},"5":{"start":{"line":20,"column":4},"end":{"line":24,"column":5}},"6":{"start":{"line":21,"column":6},"end":{"line":21,"column":34}},"7":{"start":{"line":23,"column":6},"end":{"line":23,"column":47}},"8":{"start":{"line":28,"column":4},"end":{"line":28,"column":54}},"9":{"start":{"line":32,"column":34},"end":{"line":32,"column":44}},"10":{"start":{"line":33,"column":4},"end":{"line":62,"column":5}},"11":{"start":{"line":39,"column":129},"end":{"line":39,"column":166}}},"fnMap":{"0":{"name":"(anonymous_0)","decl":{"start":{"line":8,"column":2},"end":{"line":8,"column":3}},"loc":{"start":{"line":8,"column":16},"end":{"line":16,"column":3}},"line":8},"1":{"name":"(anonymous_1)","decl":{"start":{"line":18,"column":2},"end":{"line":18,"column":3}},"loc":{"start":{"line":18,"column":21},"end":{"line":25,"column":3}},"line":18},"2":{"name":"(anonymous_2)","decl":{"start":{"line":27,"column":2},"end":{"line":27,"column":3}},"loc":{"start":{"line":27,"column":17},"end":{"line":29,"column":3}},"line":27},"3":{"name":"(anonymous_3)","decl":{"start":{"line":31,"column":2},"end":{"line":31,"column":3}},"loc":{"start":{"line":31,"column":11},"end":{"line":63,"column":3}},"line":31},"4":{"name":"(anonymous_4)","decl":{"start":{"line":39,"column":118},"end":{"line":39,"column":119}},"loc":{"start":{"line":39,"column":129},"end":{"line":39,"column":166}},"line":39}},"branchMap":{"0":{"loc":{"start":{"line":20,"column":4},"end":{"line":24,"column":5}},"type":"if","locations":[{"start":{"line":20,"column":4},"end":{"line":24,"column":5}},{"start":{"line":20,"column":4},"end":{"line":24,"column":5}}],"line":20},"1":{"loc":{"start":{"line":20,"column":8},"end":{"line":20,"column":197}},"type":"binary-expr","locations":[{"start":{"line":20,"column":9},"end":{"line":20,"column":52}},{"start":{"line":20,"column":56},"end":{"line":20,"column":100}},{"start":{"line":20,"column":106},"end":{"line":20,"column":149}},{"start":{"line":20,"column":153},"end":{"line":20,"column":196}}],"line":20},"2":{"loc":{"start":{"line":41,"column":9},"end":{"line":59,"column":9}},"type":"cond-expr","locations":[{"start":{"line":42,"column":10},"end":{"line":46,"column":16}},{"start":{"line":48,"column":10},"end":{"line":58,"column":16}}],"line":41}},"s":{"0":1,"1":1,"2":1,"3":1,"4":0,"5":0,"6":0,"7":0,"8":0,"9":1,"10":1,"11":0},"f":{"0":1,"1":0,"2":0,"3":1,"4":0},"b":{"0":[0,0],"1":[0,0,0,0],"2":[1,0]},"_coverageSchema":"332fd63041d2c1bcb487cc26dd0d5f7d97098a6c","hash":"a42c5bf570c86ecf2161fa399e1c437368cbe5e2"}
,"/Users/arthurhovanesian/Desktop/hangman/src/Key/Key.jsx": {"path":"/Users/arthurhovanesian/Desktop/hangman/src/Key/Key.jsx","statementMap":{"0":{"start":{"line":7,"column":4},"end":{"line":7,"column":17}},"1":{"start":{"line":8,"column":4},"end":{"line":8,"column":51}},"2":{"start":{"line":9,"column":4},"end":{"line":9,"column":51}},"3":{"start":{"line":10,"column":4},"end":{"line":10,"column":47}},"4":{"start":{"line":11,"column":4},"end":{"line":11,"column":81}},"5":{"start":{"line":12,"column":4},"end":{"line":12,"column":89}},"6":{"start":{"line":13,"column":4},"end":{"line":16,"column":5}},"7":{"start":{"line":20,"column":26},"end":{"line":20,"column":36}},"8":{"start":{"line":21,"column":4},"end":{"line":21,"column":42}},"9":{"start":{"line":25,"column":39},"end":{"line":25,"column":49}},"10":{"start":{"line":26,"column":4},"end":{"line":28,"column":7}},"11":{"start":{"line":29,"column":4},"end":{"line":29,"column":27}},"12":{"start":{"line":33,"column":23},"end":{"line":33,"column":33}},"13":{"start":{"line":34,"column":4},"end":{"line":34,"column":44}},"14":{"start":{"line":38,"column":53},"end":{"line":38,"column":63}},"15":{"start":{"line":39,"column":37},"end":{"line":39,"column":47}},"16":{"start":{"line":40,"column":23},"end":{"line":40,"column":57}},"17":{"start":{"line":41,"column":4},"end":{"line":59,"column":5}},"18":{"start":{"line":42,"column":6},"end":{"line":46,"column":7}},"19":{"start":{"line":47,"column":11},"end":{"line":59,"column":5}},"20":{"start":{"line":48,"column":6},"end":{"line":52,"column":7}},"21":{"start":{"line":49,"column":413},"end":{"line":49,"column":431}},"22":{"start":{"line":54,"column":6},"end":{"line":58,"column":7}},"23":{"start":{"line":55,"column":162},"end":{"line":55,"column":180}}},"fnMap":{"0":{"name":"(anonymous_0)","decl":{"start":{"line":6,"column":2},"end":{"line":6,"column":3}},"loc":{"start":{"line":6,"column":21},"end":{"line":17,"column":3}},"line":6},"1":{"name":"(anonymous_1)","decl":{"start":{"line":19,"column":2},"end":{"line":19,"column":3}},"loc":{"start":{"line":19,"column":16},"end":{"line":22,"column":3}},"line":19},"2":{"name":"(anonymous_2)","decl":{"start":{"line":24,"column":2},"end":{"line":24,"column":3}},"loc":{"start":{"line":24,"column":16},"end":{"line":30,"column":3}},"line":24},"3":{"name":"(anonymous_3)","decl":{"start":{"line":32,"column":2},"end":{"line":32,"column":3}},"loc":{"start":{"line":32,"column":14},"end":{"line":35,"column":3}},"line":32},"4":{"name":"(anonymous_4)","decl":{"start":{"line":37,"column":2},"end":{"line":37,"column":3}},"loc":{"start":{"line":37,"column":11},"end":{"line":60,"column":3}},"line":37},"5":{"name":"(anonymous_5)","decl":{"start":{"line":49,"column":407},"end":{"line":49,"column":408}},"loc":{"start":{"line":49,"column":413},"end":{"line":49,"column":431}},"line":49},"6":{"name":"(anonymous_6)","decl":{"start":{"line":55,"column":156},"end":{"line":55,"column":157}},"loc":{"start":{"line":55,"column":162},"end":{"line":55,"column":180}},"line":55}},"branchMap":{"0":{"loc":{"start":{"line":34,"column":11},"end":{"line":34,"column":43}},"type":"cond-expr","locations":[{"start":{"line":34,"column":20},"end":{"line":34,"column":29}},{"start":{"line":34,"column":32},"end":{"line":34,"column":43}}],"line":34},"1":{"loc":{"start":{"line":40,"column":23},"end":{"line":40,"column":57}},"type":"cond-expr","locations":[{"start":{"line":40,"column":36},"end":{"line":40,"column":52}},{"start":{"line":40,"column":55},"end":{"line":40,"column":57}}],"line":40},"2":{"loc":{"start":{"line":41,"column":4},"end":{"line":59,"column":5}},"type":"if","locations":[{"start":{"line":41,"column":4},"end":{"line":59,"column":5}},{"start":{"line":41,"column":4},"end":{"line":59,"column":5}}],"line":41},"3":{"loc":{"start":{"line":47,"column":11},"end":{"line":59,"column":5}},"type":"if","locations":[{"start":{"line":47,"column":11},"end":{"line":59,"column":5}},{"start":{"line":47,"column":11},"end":{"line":59,"column":5}}],"line":47}},"s":{"0":26,"1":26,"2":26,"3":26,"4":26,"5":26,"6":26,"7":0,"8":0,"9":1,"10":1,"11":1,"12":1,"13":1,"14":27,"15":27,"16":27,"17":27,"18":1,"19":26,"20":0,"21":0,"22":26,"23":1},"f":{"0":26,"1":0,"2":1,"3":1,"4":27,"5":0,"6":1},"b":{"0":[0,1],"1":[1,26],"2":[1,26],"3":[0,26]},"_coverageSchema":"332fd63041d2c1bcb487cc26dd0d5f7d97098a6c","hash":"1c8582dc1d665da1dd77e1accda82c0a25a132d3"}
,"/Users/arthurhovanesian/Desktop/hangman/src/Keyboard/Keyboard.jsx": {"path":"/Users/arthurhovanesian/Desktop/hangman/src/Keyboard/Keyboard.jsx","statementMap":{"0":{"start":{"line":5,"column":17},"end":{"line":27,"column":1}},"1":{"start":{"line":6,"column":20},"end":{"line":10,"column":3}},"2":{"start":{"line":7,"column":4},"end":{"line":9,"column":149}},"3":{"start":{"line":8,"column":41},"end":{"line":8,"column":71}},"4":{"start":{"line":9,"column":38},"end":{"line":9,"column":148}},"5":{"start":{"line":12,"column":2},"end":{"line":26,"column":3}}},"fnMap":{"0":{"name":"(anonymous_0)","decl":{"start":{"line":5,"column":17},"end":{"line":5,"column":18}},"loc":{"start":{"line":5,"column":61},"end":{"line":27,"column":1}},"line":5},"1":{"name":"(anonymous_1)","decl":{"start":{"line":6,"column":20},"end":{"line":6,"column":21}},"loc":{"start":{"line":6,"column":36},"end":{"line":10,"column":3}},"line":6},"2":{"name":"(anonymous_2)","decl":{"start":{"line":8,"column":25},"end":{"line":8,"column":26}},"loc":{"start":{"line":8,"column":41},"end":{"line":8,"column":71}},"line":8},"3":{"name":"(anonymous_3)","decl":{"start":{"line":9,"column":22},"end":{"line":9,"column":23}},"loc":{"start":{"line":9,"column":38},"end":{"line":9,"column":148}},"line":9}},"branchMap":{"0":{"loc":{"start":{"line":8,"column":41},"end":{"line":8,"column":71}},"type":"binary-expr","locations":[{"start":{"line":8,"column":41},"end":{"line":8,"column":55}},{"start":{"line":8,"column":59},"end":{"line":8,"column":71}}],"line":8}},"s":{"0":1,"1":1,"2":3,"3":78,"4":26,"5":1},"f":{"0":1,"1":3,"2":78,"3":26},"b":{"0":[78,49]},"_coverageSchema":"332fd63041d2c1bcb487cc26dd0d5f7d97098a6c","hash":"ef11ff392c68caa59a24508fb784583f5d5a9cb4"}
,"/Users/arthurhovanesian/Desktop/hangman/src/LeaderBoard/LeaderBoard.jsx": {"path":"/Users/arthurhovanesian/Desktop/hangman/src/LeaderBoard/LeaderBoard.jsx","statementMap":{"0":{"start":{"line":7,"column":20},"end":{"line":21,"column":1}},"1":{"start":{"line":8,"column":2},"end":{"line":20,"column":3}},"2":{"start":{"line":14,"column":43},"end":{"line":14,"column":107}}},"fnMap":{"0":{"name":"(anonymous_0)","decl":{"start":{"line":7,"column":20},"end":{"line":7,"column":21}},"loc":{"start":{"line":7,"column":53},"end":{"line":21,"column":1}},"line":7},"1":{"name":"(anonymous_1)","decl":{"start":{"line":14,"column":25},"end":{"line":14,"column":26}},"loc":{"start":{"line":14,"column":43},"end":{"line":14,"column":107}},"line":14}},"branchMap":{},"s":{"0":1,"1":0,"2":0},"f":{"0":0,"1":0},"b":{},"_coverageSchema":"332fd63041d2c1bcb487cc26dd0d5f7d97098a6c","hash":"c1de6a6b0b3c70a4867f2e425a61dfd5b0f251ea"}
,"/Users/arthurhovanesian/Desktop/hangman/src/Letter/Letter.jsx": {"path":"/Users/arthurhovanesian/Desktop/hangman/src/Letter/Letter.jsx","statementMap":{"0":{"start":{"line":4,"column":15},"end":{"line":10,"column":1}},"1":{"start":{"line":5,"column":2},"end":{"line":9,"column":3}}},"fnMap":{"0":{"name":"(anonymous_0)","decl":{"start":{"line":4,"column":15},"end":{"line":4,"column":16}},"loc":{"start":{"line":4,"column":30},"end":{"line":10,"column":1}},"line":4}},"branchMap":{"0":{"loc":{"start":{"line":7,"column":7},"end":{"line":7,"column":37}},"type":"cond-expr","locations":[{"start":{"line":7,"column":20},"end":{"line":7,"column":32}},{"start":{"line":7,"column":35},"end":{"line":7,"column":37}}],"line":7}},"s":{"0":1,"1":3},"f":{"0":3},"b":{"0":[0,3]},"_coverageSchema":"332fd63041d2c1bcb487cc26dd0d5f7d97098a6c","hash":"e10b9163163f5813a97a13038bfc630282cb3500"}
,"/Users/arthurhovanesian/Desktop/hangman/src/Lives/Lives.jsx": {"path":"/Users/arthurhovanesian/Desktop/hangman/src/Lives/Lives.jsx","statementMap":{"0":{"start":{"line":4,"column":14},"end":{"line":39,"column":1}},"1":{"start":{"line":5,"column":16},"end":{"line":12,"column":3}},"2":{"start":{"line":14,"column":18},"end":{"line":21,"column":3}},"3":{"start":{"line":23,"column":18},"end":{"line":29,"column":3}},"4":{"start":{"line":24,"column":4},"end":{"line":28,"column":5}},"5":{"start":{"line":31,"column":2},"end":{"line":38,"column":3}}},"fnMap":{"0":{"name":"(anonymous_0)","decl":{"start":{"line":4,"column":14},"end":{"line":4,"column":15}},"loc":{"start":{"line":4,"column":36},"end":{"line":39,"column":1}},"line":4},"1":{"name":"(anonymous_1)","decl":{"start":{"line":23,"column":18},"end":{"line":23,"column":19}},"loc":{"start":{"line":23,"column":29},"end":{"line":29,"column":3}},"line":23}},"branchMap":{},"s":{"0":1,"1":0,"2":0,"3":0,"4":0,"5":0},"f":{"0":0,"1":0},"b":{},"_coverageSchema":"332fd63041d2c1bcb487cc26dd0d5f7d97098a6c","hash":"c1cb2e4e2c490aa0825b78a9026107f81ff07465"}
,"/Users/arthurhovanesian/Desktop/hangman/src/Loading/Loading.jsx": {"path":"/Users/arthurhovanesian/Desktop/hangman/src/Loading/Loading.jsx","statementMap":{"0":{"start":{"line":4,"column":16},"end":{"line":11,"column":1}},"1":{"start":{"line":5,"column":16},"end":{"line":5,"column":25}},"2":{"start":{"line":6,"column":2},"end":{"line":10,"column":3}}},"fnMap":{"0":{"name":"(anonymous_0)","decl":{"start":{"line":4,"column":16},"end":{"line":4,"column":17}},"loc":{"start":{"line":4,"column":31},"end":{"line":11,"column":1}},"line":4}},"branchMap":{},"s":{"0":1,"1":0,"2":0},"f":{"0":0},"b":{},"_coverageSchema":"332fd63041d2c1bcb487cc26dd0d5f7d97098a6c","hash":"fcbaf1e8629b9e5bb70847b589e623a703b0f8f4"}
,"/Users/arthurhovanesian/Desktop/hangman/src/Title/Title.jsx": {"path":"/Users/arthurhovanesian/Desktop/hangman/src/Title/Title.jsx","statementMap":{"0":{"start":{"line":7,"column":4},"end":{"line":7,"column":17}},"1":{"start":{"line":8,"column":4},"end":{"line":11,"column":5}},"2":{"start":{"line":15,"column":4},"end":{"line":15,"column":79}},"3":{"start":{"line":15,"column":32},"end":{"line":15,"column":76}},"4":{"start":{"line":19,"column":4},"end":{"line":19,"column":75}},"5":{"start":{"line":19,"column":32},"end":{"line":19,"column":72}},"6":{"start":{"line":23,"column":4},"end":{"line":23,"column":82}},"7":{"start":{"line":23,"column":45},"end":{"line":23,"column":76}},"8":{"start":{"line":24,"column":4},"end":{"line":24,"column":73}},"9":{"start":{"line":24,"column":40},"end":{"line":24,"column":66}},"10":{"start":{"line":28,"column":4},"end":{"line":28,"column":40}},"11":{"start":{"line":29,"column":4},"end":{"line":29,"column":35}},"12":{"start":{"line":33,"column":40},"end":{"line":33,"column":50}},"13":{"start":{"line":34,"column":25},"end":{"line":34,"column":62}},"14":{"start":{"line":35,"column":26},"end":{"line":35,"column":91}},"15":{"start":{"line":36,"column":24},"end":{"line":36,"column":90}},"16":{"start":{"line":37,"column":4},"end":{"line":53,"column":5}}},"fnMap":{"0":{"name":"(anonymous_0)","decl":{"start":{"line":6,"column":2},"end":{"line":6,"column":3}},"loc":{"start":{"line":6,"column":21},"end":{"line":12,"column":3}},"line":6},"1":{"name":"(anonymous_1)","decl":{"start":{"line":14,"column":2},"end":{"line":14,"column":3}},"loc":{"start":{"line":14,"column":29},"end":{"line":16,"column":3}},"line":14},"2":{"name":"(anonymous_2)","decl":{"start":{"line":15,"column":18},"end":{"line":15,"column":19}},"loc":{"start":{"line":15,"column":32},"end":{"line":15,"column":76}},"line":15},"3":{"name":"(anonymous_3)","decl":{"start":{"line":18,"column":2},"end":{"line":18,"column":3}},"loc":{"start":{"line":18,"column":24},"end":{"line":20,"column":3}},"line":18},"4":{"name":"(anonymous_4)","decl":{"start":{"line":19,"column":18},"end":{"line":19,"column":19}},"loc":{"start":{"line":19,"column":32},"end":{"line":19,"column":72}},"line":19},"5":{"name":"(anonymous_5)","decl":{"start":{"line":22,"column":2},"end":{"line":22,"column":3}},"loc":{"start":{"line":22,"column":22},"end":{"line":25,"column":3}},"line":22},"6":{"name":"(anonymous_6)","decl":{"start":{"line":23,"column":39},"end":{"line":23,"column":40}},"loc":{"start":{"line":23,"column":45},"end":{"line":23,"column":76}},"line":23},"7":{"name":"(anonymous_7)","decl":{"start":{"line":24,"column":34},"end":{"line":24,"column":35}},"loc":{"start":{"line":24,"column":40},"end":{"line":24,"column":66}},"line":24},"8":{"name":"(anonymous_8)","decl":{"start":{"line":27,"column":2},"end":{"line":27,"column":3}},"loc":{"start":{"line":27,"column":25},"end":{"line":30,"column":3}},"line":27},"9":{"name":"(anonymous_9)","decl":{"start":{"line":32,"column":2},"end":{"line":32,"column":3}},"loc":{"start":{"line":32,"column":11},"end":{"line":54,"column":3}},"line":32}},"branchMap":{"0":{"loc":{"start":{"line":34,"column":25},"end":{"line":34,"column":62}},"type":"cond-expr","locations":[{"start":{"line":34,"column":51},"end":{"line":34,"column":54}},{"start":{"line":34,"column":57},"end":{"line":34,"column":62}}],"line":34},"1":{"loc":{"start":{"line":35,"column":26},"end":{"line":35,"column":91}},"type":"cond-expr","locations":[{"start":{"line":35,"column":80},"end":{"line":35,"column":85}},{"start":{"line":35,"column":88},"end":{"line":35,"column":91}}],"line":35},"2":{"loc":{"start":{"line":35,"column":26},"end":{"line":35,"column":77}},"type":"binary-expr","locations":[{"start":{"line":35,"column":26},"end":{"line":35,"column":50}},{"start":{"line":35,"column":54},"end":{"line":35,"column":77}}],"line":35},"3":{"loc":{"start":{"line":36,"column":24},"end":{"line":36,"column":90}},"type":"cond-expr","locations":[{"start":{"line":36,"column":79},"end":{"line":36,"column":84}},{"start":{"line":36,"column":87},"end":{"line":36,"column":90}}],"line":36},"4":{"loc":{"start":{"line":36,"column":24},"end":{"line":36,"column":76}},"type":"binary-expr","locations":[{"start":{"line":36,"column":24},"end":{"line":36,"column":48}},{"start":{"line":36,"column":52},"end":{"line":36,"column":76}}],"line":36}},"s":{"0":0,"1":0,"2":0,"3":0,"4":0,"5":0,"6":0,"7":0,"8":0,"9":0,"10":0,"11":0,"12":0,"13":0,"14":0,"15":0,"16":0},"f":{"0":0,"1":0,"2":0,"3":0,"4":0,"5":0,"6":0,"7":0,"8":0,"9":0},"b":{"0":[0,0],"1":[0,0],"2":[0,0],"3":[0,0],"4":[0,0]},"_coverageSchema":"332fd63041d2c1bcb487cc26dd0d5f7d97098a6c","hash":"a1ef3d7197fb81245967cceb0291d474f014263d"}
,"/Users/arthurhovanesian/Desktop/hangman/src/Word/Word.jsx": {"path":"/Users/arthurhovanesian/Desktop/hangman/src/Word/Word.jsx","statementMap":{"0":{"start":{"line":5,"column":13},"end":{"line":12,"column":1}},"1":{"start":{"line":7,"column":2},"end":{"line":11,"column":3}},"2":{"start":{"line":9,"column":36},"end":{"line":9,"column":71}}},"fnMap":{"0":{"name":"(anonymous_0)","decl":{"start":{"line":5,"column":13},"end":{"line":5,"column":14}},"loc":{"start":{"line":5,"column":29},"end":{"line":12,"column":1}},"line":5},"1":{"name":"(anonymous_1)","decl":{"start":{"line":9,"column":18},"end":{"line":9,"column":19}},"loc":{"start":{"line":9,"column":36},"end":{"line":9,"column":71}},"line":9}},"branchMap":{},"s":{"0":1,"1":1,"2":3},"f":{"0":1,"1":3},"b":{},"_coverageSchema":"332fd63041d2c1bcb487cc26dd0d5f7d97098a6c","hash":"62a6b3e0003a90c7ee8c245997020c9351ff9861"}
}
