TN:
SF:/Users/arthurhovanesian/Desktop/hangman/setupTests.js
FNF:0
FNH:0
DA:4,1
LF:1
LH:1
BRF:0
BRH:0
end_of_record
TN:
SF:/Users/arthurhovanesian/Desktop/hangman/src/App/App.jsx
FN:13,(anonymous_0)
FN:30,(anonymous_1)
FN:39,(anonymous_2)
FN:42,(anonymous_3)
FN:46,(anonymous_4)
FN:47,(anonymous_5)
FN:49,(anonymous_6)
FN:54,(anonymous_7)
FN:59,(anonymous_8)
FN:67,(anonymous_9)
FN:75,(anonymous_10)
FN:79,(anonymous_11)
FN:82,(anonymous_12)
FN:89,(anonymous_13)
FN:95,(anonymous_14)
FN:97,(anonymous_15)
FN:104,(anonymous_16)
FN:105,(anonymous_17)
FN:108,(anonymous_18)
FN:116,(anonymous_19)
FN:120,(anonymous_20)
FN:122,(anonymous_21)
FN:130,(anonymous_22)
FNF:23
FNH:8
FNDA:2,(anonymous_0)
FNDA:2,(anonymous_1)
FNDA:4,(anonymous_2)
FNDA:0,(anonymous_3)
FNDA:0,(anonymous_4)
FNDA:0,(anonymous_5)
FNDA:0,(anonymous_6)
FNDA:0,(anonymous_7)
FNDA:0,(anonymous_8)
FNDA:0,(anonymous_9)
FNDA:0,(anonymous_10)
FNDA:0,(anonymous_11)
FNDA:4,(anonymous_12)
FNDA:2,(anonymous_13)
FNDA:0,(anonymous_14)
FNDA:0,(anonymous_15)
FNDA:0,(anonymous_16)
FNDA:0,(anonymous_17)
FNDA:0,(anonymous_18)
FNDA:1,(anonymous_19)
FNDA:3,(anonymous_20)
FNDA:0,(anonymous_21)
FNDA:6,(anonymous_22)
DA:14,2
DA:15,2
DA:16,2
DA:31,2
DA:32,2
DA:36,2
DA:40,4
DA:41,4
DA:42,0
DA:44,4
DA:45,0
DA:46,0
DA:47,0
DA:49,0
DA:55,0
DA:56,0
DA:60,0
DA:61,0
DA:68,0
DA:75,0
DA:79,0
DA:83,4
DA:84,4
DA:85,4
DA:86,4
DA:93,2
DA:94,2
DA:96,0
DA:97,0
DA:98,0
DA:104,0
DA:106,0
DA:107,0
DA:108,0
DA:109,0
DA:110,0
DA:112,0
DA:118,1
DA:119,1
DA:120,3
DA:121,1
DA:122,1
DA:123,1
DA:131,6
DA:132,6
DA:133,6
DA:134,0
DA:139,6
DA:140,6
DA:146,0
LF:50
LH:26
BRDA:41,0,0,0
BRDA:41,0,1,4
BRDA:41,1,0,4
BRDA:41,1,1,0
BRDA:44,2,0,0
BRDA:44,2,1,4
BRDA:45,3,0,0
BRDA:45,3,1,0
BRDA:121,4,0,1
BRDA:121,4,1,0
BRDA:122,5,0,0
BRDA:122,5,1,0
BRDA:133,6,0,0
BRDA:133,6,1,6
BRDA:139,7,0,6
BRDA:139,7,1,0
BRF:16
BRH:6
end_of_record
TN:
SF:/Users/arthurhovanesian/Desktop/hangman/src/App/utilities.js
FNF:0
FNH:0
DA:1,1
LF:1
LH:1
BRF:0
BRH:0
end_of_record
TN:
SF:/Users/arthurhovanesian/Desktop/hangman/src/Button/Button.jsx
FN:5,(anonymous_0)
FN:17,(anonymous_1)
FN:22,(anonymous_2)
FN:25,(anonymous_3)
FN:29,(anonymous_4)
FN:31,(anonymous_5)
FNF:6
FNH:3
FNDA:1,(anonymous_0)
FNDA:0,(anonymous_1)
FNDA:1,(anonymous_2)
FNDA:0,(anonymous_3)
FNDA:0,(anonymous_4)
FNDA:1,(anonymous_5)
DA:6,1
DA:7,1
DA:8,1
DA:9,1
DA:10,1
DA:11,1
DA:12,1
DA:18,0
DA:19,0
DA:23,1
DA:24,1
DA:25,1
DA:26,1
DA:29,0
DA:31,1
LF:15
LH:12
BRDA:25,0,0,1
BRDA:25,0,1,0
BRDA:28,1,0,0
BRDA:28,1,1,1
BRF:4
BRH:2
end_of_record
TN:
SF:/Users/arthurhovanesian/Desktop/hangman/src/CurrentScore/CurrentScore.jsx
FN:4,(anonymous_0)
FNF:1
FNH:0
FNDA:0,(anonymous_0)
DA:4,1
DA:5,0
LF:2
LH:1
BRF:0
BRH:0
end_of_record
TN:
SF:/Users/arthurhovanesian/Desktop/hangman/src/HighScore/HighScore.jsx
FN:4,(anonymous_0)
FNF:1
FNH:0
FNDA:0,(anonymous_0)
DA:4,1
DA:5,0
LF:2
LH:1
BRF:0
BRH:0
end_of_record
TN:
SF:/Users/arthurhovanesian/Desktop/hangman/src/Home/Home.jsx
FN:8,(anonymous_0)
FN:18,(anonymous_1)
FN:27,(anonymous_2)
FN:31,(anonymous_3)
FN:39,(anonymous_4)
FNF:5
FNH:2
FNDA:1,(anonymous_0)
FNDA:0,(anonymous_1)
FNDA:0,(anonymous_2)
FNDA:1,(anonymous_3)
FNDA:0,(anonymous_4)
DA:9,1
DA:10,1
DA:11,1
DA:12,1
DA:19,0
DA:20,0
DA:21,0
DA:23,0
DA:28,0
DA:32,1
DA:33,1
DA:39,0
LF:12
LH:6
BRDA:20,0,0,0
BRDA:20,0,1,0
BRDA:20,1,0,0
BRDA:20,1,1,0
BRDA:20,1,2,0
BRDA:20,1,3,0
BRDA:41,2,0,1
BRDA:41,2,1,0
BRF:8
BRH:1
end_of_record
TN:
SF:/Users/arthurhovanesian/Desktop/hangman/src/Key/Key.jsx
FN:6,(anonymous_0)
FN:19,(anonymous_1)
FN:24,(anonymous_2)
FN:32,(anonymous_3)
FN:37,(anonymous_4)
FN:49,(anonymous_5)
FN:55,(anonymous_6)
FNF:7
FNH:5
FNDA:26,(anonymous_0)
FNDA:0,(anonymous_1)
FNDA:1,(anonymous_2)
FNDA:1,(anonymous_3)
FNDA:27,(anonymous_4)
FNDA:0,(anonymous_5)
FNDA:1,(anonymous_6)
DA:7,26
DA:8,26
DA:9,26
DA:10,26
DA:11,26
DA:12,26
DA:13,26
DA:20,0
DA:21,0
DA:25,1
DA:26,1
DA:29,1
DA:33,1
DA:34,1
DA:38,27
DA:39,27
DA:40,27
DA:41,27
DA:42,1
DA:47,26
DA:48,0
DA:49,0
DA:54,26
DA:55,1
LF:24
LH:20
BRDA:34,0,0,0
BRDA:34,0,1,1
BRDA:40,1,0,1
BRDA:40,1,1,26
BRDA:41,2,0,1
BRDA:41,2,1,26
BRDA:47,3,0,0
BRDA:47,3,1,26
BRF:8
BRH:6
end_of_record
TN:
SF:/Users/arthurhovanesian/Desktop/hangman/src/Keyboard/Keyboard.jsx
FN:5,(anonymous_0)
FN:6,(anonymous_1)
FN:8,(anonymous_2)
FN:9,(anonymous_3)
FNF:4
FNH:4
FNDA:1,(anonymous_0)
FNDA:3,(anonymous_1)
FNDA:78,(anonymous_2)
FNDA:26,(anonymous_3)
DA:5,1
DA:6,1
DA:7,3
DA:8,78
DA:9,26
DA:12,1
LF:6
LH:6
BRDA:8,0,0,78
BRDA:8,0,1,49
BRF:2
BRH:2
end_of_record
TN:
SF:/Users/arthurhovanesian/Desktop/hangman/src/LeaderBoard/LeaderBoard.jsx
FN:7,(anonymous_0)
FN:14,(anonymous_1)
FNF:2
FNH:0
FNDA:0,(anonymous_0)
FNDA:0,(anonymous_1)
DA:7,1
DA:8,0
DA:14,0
LF:3
LH:1
BRF:0
BRH:0
end_of_record
TN:
SF:/Users/arthurhovanesian/Desktop/hangman/src/Letter/Letter.jsx
FN:4,(anonymous_0)
FNF:1
FNH:1
FNDA:3,(anonymous_0)
DA:4,1
DA:5,3
LF:2
LH:2
BRDA:7,0,0,0
BRDA:7,0,1,3
BRF:2
BRH:1
end_of_record
TN:
SF:/Users/arthurhovanesian/Desktop/hangman/src/Lives/Lives.jsx
FN:4,(anonymous_0)
FN:23,(anonymous_1)
FNF:2
FNH:0
FNDA:0,(anonymous_0)
FNDA:0,(anonymous_1)
DA:4,1
DA:5,0
DA:14,0
DA:23,0
DA:24,0
DA:31,0
LF:6
LH:1
BRF:0
BRH:0
end_of_record
TN:
SF:/Users/arthurhovanesian/Desktop/hangman/src/Loading/Loading.jsx
FN:4,(anonymous_0)
FNF:1
FNH:0
FNDA:0,(anonymous_0)
DA:4,1
DA:5,0
DA:6,0
LF:3
LH:1
BRF:0
BRH:0
end_of_record
TN:
SF:/Users/arthurhovanesian/Desktop/hangman/src/Title/Title.jsx
FN:6,(anonymous_0)
FN:14,(anonymous_1)
FN:15,(anonymous_2)
FN:18,(anonymous_3)
FN:19,(anonymous_4)
FN:22,(anonymous_5)
FN:23,(anonymous_6)
FN:24,(anonymous_7)
FN:27,(anonymous_8)
FN:32,(anonymous_9)
FNF:10
FNH:0
FNDA:0,(anonymous_0)
FNDA:0,(anonymous_1)
FNDA:0,(anonymous_2)
FNDA:0,(anonymous_3)
FNDA:0,(anonymous_4)
FNDA:0,(anonymous_5)
FNDA:0,(anonymous_6)
FNDA:0,(anonymous_7)
FNDA:0,(anonymous_8)
FNDA:0,(anonymous_9)
DA:7,0
DA:8,0
DA:15,0
DA:19,0
DA:23,0
DA:24,0
DA:28,0
DA:29,0
DA:33,0
DA:34,0
DA:35,0
DA:36,0
DA:37,0
LF:13
LH:0
BRDA:34,0,0,0
BRDA:34,0,1,0
BRDA:35,1,0,0
BRDA:35,1,1,0
BRDA:35,2,0,0
BRDA:35,2,1,0
BRDA:36,3,0,0
BRDA:36,3,1,0
BRDA:36,4,0,0
BRDA:36,4,1,0
BRF:10
BRH:0
end_of_record
TN:
SF:/Users/arthurhovanesian/Desktop/hangman/src/Word/Word.jsx
FN:5,(anonymous_0)
FN:9,(anonymous_1)
FNF:2
FNH:2
FNDA:1,(anonymous_0)
FNDA:3,(anonymous_1)
DA:5,1
DA:7,1
DA:9,3
LF:3
LH:3
BRF:0
BRH:0
end_of_record
